<?xml version="1.0" encoding="UTF-8"?>
<testsuite name="AccountTest" tests="1" skipped="0" failures="0" errors="0" timestamp="2023-04-11T16:27:15" hostname="DESKTOP-0IP775I" time="0.019">
  <properties/>
  <testcase name="testGamblerAccount()" classname="AccountTest" time="0.019"/>
  <system-out><![CDATA[Ending balance: $100.0
]]></system-out>
  <system-err><![CDATA[]]></system-err>
</testsuite>
