<?xml version="1.0" encoding="UTF-8"?>
<testsuite name="TestExpression" tests="8" skipped="0" failures="0" errors="0" timestamp="2023-04-20T15:01:10" hostname="DESKTOP-0IP775I" time="0.041">
  <properties/>
  <testcase name="testAdditionEvaluate()" classname="TestExpression" time="0.017"/>
  <testcase name="testSquareEvaluate()" classname="TestExpression" time="0.002"/>
  <testcase name="testNumeralEvaluate()" classname="TestExpression" time="0.0"/>
  <testcase name="testAdditionWithParenthesesToString()" classname="TestExpression" time="0.008"/>
  <testcase name="testAdditionToString()" classname="TestExpression" time="0.001"/>
  <testcase name="testSquareToString()" classname="TestExpression" time="0.001"/>
  <testcase name="testNumeralToString()" classname="TestExpression" time="0.001"/>
  <testcase name="testSubtraction()" classname="TestExpression" time="0.002"/>
  <system-out><![CDATA[]]></system-out>
  <system-err><![CDATA[]]></system-err>
</testsuite>
