<?xml version="1.0" encoding="UTF-8"?>
<testsuite name="BoardTest" tests="6" skipped="0" failures="0" errors="0" timestamp="2023-04-03T11:30:21" hostname="DESKTOP-0IP775I" time="0.011">
  <properties/>
  <testcase name="testUndo2" classname="BoardTest" time="0.007"/>
  <testcase name="testUndo" classname="BoardTest" time="0.0"/>
  <testcase name="testClearRows" classname="BoardTest" time="0.001"/>
  <testcase name="testDropHeight" classname="BoardTest" time="0.0"/>
  <testcase name="testSample1" classname="BoardTest" time="0.001"/>
  <testcase name="testSample2" classname="BoardTest" time="0.0"/>
  <system-out><![CDATA[| ++|
|++ |
| ++|
|++ |
| ++|
|++ |
-----
]]></system-out>
  <system-err><![CDATA[]]></system-err>
</testsuite>
