<?xml version="1.0" encoding="UTF-8"?>
<testsuite name="TetrisGridTest" tests="1" skipped="0" failures="0" errors="0" timestamp="2023-03-24T15:50:02" hostname="DESKTOP-0IP775I" time="0.003">
  <properties/>
  <testcase name="testClear1" classname="TetrisGridTest" time="0.003"/>
  <system-out><![CDATA[]]></system-out>
  <system-err><![CDATA[]]></system-err>
</testsuite>
